# JRE version: OpenJDK Runtime Environment (8.0_112-b21) (build 1.8.0_112-release-736-b21)
# Java VM: OpenJDK 64-Bit Server VM (25.112-b21 mixed mode linux-amd64 compressed oops)
Heap:
 par new generation   total 39296K, used 26026K [0x00000000d1200000, 0x00000000d3ca0000, 0x00000000db860000)
  eden space 34944K,  73% used [0x00000000d1200000, 0x00000000d2b1d458, 0x00000000d3420000)
  from space 4352K,   7% used [0x00000000d3420000, 0x00000000d346d658, 0x00000000d3860000)
  to   space 4352K,   0% used [0x00000000d3860000, 0x00000000d3860000, 0x00000000d3ca0000)
 concurrent mark-sweep generation total 181196K, used 82029K [0x00000000db860000, 0x00000000e6953000, 0x0000000100000000)
 Metaspace       used 115566K, capacity 121092K, committed 121308K, reserved 1153024K
  class space    used 15949K, capacity 17188K, committed 17260K, reserved 1048576K
GC Heap History (10 events):
Event: 1088.467 GC heap before
{Heap before GC invocations=57 (full 8):
 par new generation   total 39296K, used 35048K [0x00000000d1200000, 0x00000000d3ca0000, 0x00000000db860000)
  eden space 34944K, 100% used [0x00000000d1200000, 0x00000000d3420000, 0x00000000d3420000)
  from space 4352K,   2% used [0x00000000d3860000, 0x00000000d387a208, 0x00000000d3ca0000)
  to   space 4352K,   0% used [0x00000000d3420000, 0x00000000d3420000, 0x00000000d3860000)
 concurrent mark-sweep generation total 181196K, used 82020K [0x00000000db860000, 0x00000000e6953000, 0x0000000100000000)
 Metaspace       used 115477K, capacity 120942K, committed 121308K, reserved 1153024K
  class space    used 15945K, capacity 17183K, committed 17260K, reserved 1048576K
Event: 1088.478 GC heap after
Heap after GC invocations=58 (full 8):
 par new generation   total 39296K, used 148K [0x00000000d1200000, 0x00000000d3ca0000, 0x00000000db860000)
  eden space 34944K,   0% used [0x00000000d1200000, 0x00000000d1200000, 0x00000000d3420000)
  from space 4352K,   3% used [0x00000000d3420000, 0x00000000d34452e0, 0x00000000d3860000)
  to   space 4352K,   0% used [0x00000000d3860000, 0x00000000d3860000, 0x00000000d3ca0000)
 concurrent mark-sweep generation total 181196K, used 82020K [0x00000000db860000, 0x00000000e6953000, 0x0000000100000000)
 Metaspace       used 115477K, capacity 120942K, committed 121308K, reserved 1153024K
  class space    used 15945K, capacity 17183K, committed 17260K, reserved 1048576K
}
Event: 1333.950 GC heap before
{Heap before GC invocations=58 (full 8):
 par new generation   total 39296K, used 35092K [0x00000000d1200000, 0x00000000d3ca0000, 0x00000000db860000)
  eden space 34944K, 100% used [0x00000000d1200000, 0x00000000d3420000, 0x00000000d3420000)
  from space 4352K,   3% used [0x00000000d3420000, 0x00000000d34452e0, 0x00000000d3860000)
  to   space 4352K,   0% used [0x00000000d3860000, 0x00000000d3860000, 0x00000000d3ca0000)
 concurrent mark-sweep generation total 181196K, used 82020K [0x00000000db860000, 0x00000000e6953000, 0x0000000100000000)
 Metaspace       used 115493K, capacity 121010K, committed 121308K, reserved 1153024K
  class space    used 15945K, capacity 17183K, committed 17260K, reserved 1048576K
Event: 1333.959 GC heap after
Heap after GC invocations=59 (full 8):
 par new generation   total 39296K, used 216K [0x00000000d1200000, 0x00000000d3ca0000, 0x00000000db860000)
  eden space 34944K,   0% used [0x00000000d1200000, 0x00000000d1200000, 0x00000000d3420000)
  from space 4352K,   4% used [0x00000000d3860000, 0x00000000d3896138, 0x00000000d3ca0000)
  to   space 4352K,   0% used [0x00000000d3420000, 0x00000000d3420000, 0x00000000d3860000)
 concurrent mark-sweep generation total 181196K, used 82020K [0x00000000db860000, 0x00000000e6953000, 0x0000000100000000)
 Metaspace       used 115493K, capacity 121010K, committed 121308K, reserved 1153024K
  class space    used 15945K, capacity 17183K, committed 17260K, reserved 1048576K
}
Event: 1582.822 GC heap before
{Heap before GC invocations=59 (full 8):
 par new generation   total 39296K, used 35160K [0x00000000d1200000, 0x00000000d3ca0000, 0x00000000db860000)
  eden space 34944K, 100% used [0x00000000d1200000, 0x00000000d3420000, 0x00000000d3420000)
  from space 4352K,   4% used [0x00000000d3860000, 0x00000000d3896138, 0x00000000d3ca0000)
  to   space 4352K,   0% used [0x00000000d3420000, 0x00000000d3420000, 0x00000000d3860000)
 concurrent mark-sweep generation total 181196K, used 82020K [0x00000000db860000, 0x00000000e6953000, 0x0000000100000000)
 Metaspace       used 115495K, capacity 121010K, committed 121308K, reserved 1153024K
  class space    used 15945K, capacity 17183K, committed 17260K, reserved 1048576K
Event: 1582.825 GC heap after
Heap after GC invocations=60 (full 8):
 par new generation   total 39296K, used 219K [0x00000000d1200000, 0x00000000d3ca0000, 0x00000000db860000)
  eden space 34944K,   0% used [0x00000000d1200000, 0x00000000d1200000, 0x00000000d3420000)
  from space 4352K,   5% used [0x00000000d3420000, 0x00000000d3456e30, 0x00000000d3860000)
  to   space 4352K,   0% used [0x00000000d3860000, 0x00000000d3860000, 0x00000000d3ca0000)
 concurrent mark-sweep generation total 181196K, used 82020K [0x00000000db860000, 0x00000000e6953000, 0x0000000100000000)
 Metaspace       used 115495K, capacity 121010K, committed 121308K, reserved 1153024K
  class space    used 15945K, capacity 17183K, committed 17260K, reserved 1048576K
}
Event: 1829.330 GC heap before
{Heap before GC invocations=60 (full 8):
 par new generation   total 39296K, used 35036K [0x00000000d1200000, 0x00000000d3ca0000, 0x00000000db860000)
  eden space 34944K,  99% used [0x00000000d1200000, 0x00000000d3400210, 0x00000000d3420000)
  from space 4352K,   5% used [0x00000000d3420000, 0x00000000d3456e30, 0x00000000d3860000)
  to   space 4352K,   0% used [0x00000000d3860000, 0x00000000d3860000, 0x00000000d3ca0000)
 concurrent mark-sweep generation total 181196K, used 82020K [0x00000000db860000, 0x00000000e6953000, 0x0000000100000000)
 Metaspace       used 115504K, capacity 121010K, committed 121308K, reserved 1153024K
  class space    used 15945K, capacity 17183K, committed 17260K, reserved 1048576K
Event: 1829.338 GC heap after
Heap after GC invocations=61 (full 8):
 par new generation   total 39296K, used 222K [0x00000000d1200000, 0x00000000d3ca0000, 0x00000000db860000)
  eden space 34944K,   0% used [0x00000000d1200000, 0x00000000d1200000, 0x00000000d3420000)
  from space 4352K,   5% used [0x00000000d3860000, 0x00000000d38979a0, 0x00000000d3ca0000)
  to   space 4352K,   0% used [0x00000000d3420000, 0x00000000d3420000, 0x00000000d3860000)
 concurrent mark-sweep generation total 181196K, used 82020K [0x00000000db860000, 0x00000000e6953000, 0x0000000100000000)
 Metaspace       used 115504K, capacity 121010K, committed 121308K, reserved 1153024K
  class space    used 15945K, capacity 17183K, committed 17260K, reserved 1048576K
}
Event: 2074.767 GC heap before
{Heap before GC invocations=61 (full 8):
 par new generation   total 39296K, used 35166K [0x00000000d1200000, 0x00000000d3ca0000, 0x00000000db860000)
  eden space 34944K, 100% used [0x00000000d1200000, 0x00000000d3420000, 0x00000000d3420000)
  from space 4352K,   5% used [0x00000000d3860000, 0x00000000d38979a0, 0x00000000d3ca0000)
  to   space 4352K,   0% used [0x00000000d3420000, 0x00000000d3420000, 0x00000000d3860000)
 concurrent mark-sweep generation total 181196K, used 82020K [0x00000000db860000, 0x00000000e6953000, 0x0000000100000000)
 Metaspace       used 115506K, capacity 121010K, committed 121308K, reserved 1153024K
  class space    used 15945K, capacity 17183K, committed 17260K, reserved 1048576K
Event: 2074.776 GC heap after
Heap after GC invocations=62 (full 8):
 par new generation   total 39296K, used 309K [0x00000000d1200000, 0x00000000d3ca0000, 0x00000000db860000)
  eden space 34944K,   0% used [0x00000000d1200000, 0x00000000d1200000, 0x00000000d3420000)
  from space 4352K,   7% used [0x00000000d3420000, 0x00000000d346d658, 0x00000000d3860000)
  to   space 4352K,   0% used [0x00000000d3860000, 0x00000000d3860000, 0x00000000d3ca0000)
 concurrent mark-sweep generation total 181196K, used 82029K [0x00000000db860000, 0x00000000e6953000, 0x0000000100000000)
 Metaspace       used 115506K, capacity 121010K, committed 121308K, reserved 1153024K
  class space    used 15945K, capacity 17183K, committed 17260K, reserved 1048576K
}

